<?xml version="1.0" encoding="UTF-8"?>
<!-- Generated by org.testng.reporters.JUnitReportReporter -->
<testsuite hostname="Sandeshs-MacBook-Air.local" failures="0" tests="5" name="tests.TestTwo" time="16.618" errors="0" timestamp="2025-09-02T22:13:40 IST" skipped="0">
  <testcase classname="tests.TestTwo" name="smokeTestCase" time="2.967"/>
  <testcase classname="tests.TestTwo" name="verifyDashboard" time="3.648"/>
  <testcase classname="tests.TestTwo" name="testInTestTwo" time="2.906"/>
  <testcase classname="tests.TestTwo" name="LoginTest" time="2.340"/>
  <testcase classname="tests.TestTwo" name="groupTestCase" time="4.757"/>
</testsuite> <!-- tests.TestTwo -->
