<?xml version="1.0" encoding="UTF-8"?>
<!-- Generated by org.testng.reporters.JUnitReportReporter -->
<testsuite hostname="Sandeshs-MacBook-Air.local" failures="0" tests="2" name="tests.TestOne" time="6.296" errors="0" timestamp="2025-09-02T03:01:54 IST" skipped="0">
  <testcase classname="tests.TestOne" name="testMethod2" time="3.229"/>
  <testcase classname="tests.TestOne" name="testMethod" time="3.067"/>
</testsuite> <!-- tests.TestOne -->
