<?xml version="1.0" encoding="UTF-8"?>
<!-- Generated by org.testng.reporters.JUnitReportReporter -->
<testsuite hostname="Sandeshs-MacBook-Air.local" failures="0" tests="2" name="tests.TestOne" time="9.446" errors="0" timestamp="2025-09-03T20:30:06 IST" skipped="0">
  <testcase classname="tests.TestOne" name="testMethod2" time="4.276"/>
  <testcase classname="tests.TestOne" name="testMethod" time="5.170"/>
</testsuite> <!-- tests.TestOne -->
