<?xml version="1.0" encoding="UTF-8"?>
<!-- Generated by org.testng.reporters.JUnitReportReporter -->
<testsuite hostname="Sandeshs-MacBook-Air.local" failures="0" tests="5" name="tests.TestTwo" time="12.614" errors="0" timestamp="2025-09-02T03:01:54 IST" skipped="0">
  <testcase classname="tests.TestTwo" name="groupTestCase" time="2.929"/>
  <testcase classname="tests.TestTwo" name="testInTestTwo" time="2.060"/>
  <testcase classname="tests.TestTwo" name="LoginTest" time="2.250"/>
  <testcase classname="tests.TestTwo" name="verifyDashboard" time="2.341"/>
  <testcase classname="tests.TestTwo" name="smokeTestCase" time="3.034"/>
</testsuite> <!-- tests.TestTwo -->
