<?xml version="1.0" encoding="UTF-8"?>
<!-- Generated by org.testng.reporters.JUnitReportReporter -->
<testsuite hostname="Sandeshs-MacBook-Air.local" failures="0" tests="5" name="tests.TestTwo" time="16.247" errors="0" timestamp="2025-09-03T20:30:06 IST" skipped="0">
  <testcase classname="tests.TestTwo" name="groupTestCase" time="2.638"/>
  <testcase classname="tests.TestTwo" name="testInTestTwo" time="2.622"/>
  <testcase classname="tests.TestTwo" name="verifyDashboard" time="4.847"/>
  <testcase classname="tests.TestTwo" name="LoginTest" time="2.584"/>
  <testcase classname="tests.TestTwo" name="smokeTestCase" time="3.556"/>
</testsuite> <!-- tests.TestTwo -->
