<?xml version="1.0" encoding="UTF-8"?>
<!-- Generated by org.testng.reporters.JUnitReportReporter -->
<testsuite hostname="Sandeshs-MacBook-Air.local" failures="0" tests="2" name="tests.TestOne" time="7.802" errors="0" timestamp="2025-09-02T22:13:40 IST" skipped="0">
  <testcase classname="tests.TestOne" name="testMethod" time="3.976"/>
  <testcase classname="tests.TestOne" name="testMethod2" time="3.826"/>
</testsuite> <!-- tests.TestOne -->
